top - 17:38:09 up  4:53,  4 users,  load average: 1,59, 1,55, 1,51
Tasks: 239 total,   2 running, 226 sleeping,   3 stopped,   8 zombie
%Cpu(s):  4,2 us,  3,3 sy,  0,0 ni, 92,4 id,  0,1 wa,  0,0 hi,  0,0 si,  0,0 st
KiB Mem:   8119840 total,  7434828 used,   685012 free,   315276 buffers
KiB Swap:  3962876 total,        0 used,  3962876 free.  3763408 cached Mem

  PID USER      PR  NI    VIRT    RES    SHR S  %CPU %MEM     TIME+ COMMAND
19074 root      20   0   13484   2572   1288 R  39,3  0,0  21:54.05 bash
 1508 root      20   0  660752 257816 195456 S   6,6  3,2  12:04.30 Xorg
17025 prestin   20   0  914508 180828  26196 S   6,6  2,2   0:03.81 chrome
    1 root      20   0   33780   3152   1496 S   0,0  0,0   0:00.68 init
    2 root      20   0       0      0      0 S   0,0  0,0   0:00.00 kthreadd
    3 root      20   0       0      0      0 S   0,0  0,0   0:00.01 ksoftirqd/0
    5 root       0 -20       0      0      0 S   0,0  0,0   0:00.00 kworker/0:0H
    6 root      20   0       0      0      0 S   0,0  0,0   0:00.36 kworker/u8:0
    7 root      20   0       0      0      0 S   0,0  0,0   0:06.60 rcu_sched
    8 root      20   0       0      0      0 S   0,0  0,0   0:07.96 rcuos/0
    9 root      20   0       0      0      0 S   0,0  0,0   0:08.16 rcuos/1
   10 root      20   0       0      0      0 S   0,0  0,0   0:08.67 rcuos/2
   11 root      20   0       0      0      0 S   0,0  0,0   0:07.93 rcuos/3
   12 root      20   0       0      0      0 S   0,0  0,0   0:00.00 rcu_bh
   13 root      20   0       0      0      0 S   0,0  0,0   0:00.00 rcuob/0
   14 root      20   0       0      0      0 S   0,0  0,0   0:00.00 rcuob/1
   15 root      20   0       0      0      0 S   0,0  0,0   0:00.00 rcuob/2
   16 root      20   0       0      0      0 S   0,0  0,0   0:00.00 rcuob/3
   17 root      rt   0       0      0      0 S   0,0  0,0   0:04.25 migration/0
   18 root      rt   0       0      0      0 S   0,0  0,0   0:00.03 watchdog/0
   19 root      rt   0       0      0      0 S   0,0  0,0   0:00.08 watchdog/1
   20 root      rt   0       0      0      0 S   0,0  0,0   0:04.14 migration/1
   21 root      20   0       0      0      0 S   0,0  0,0   0:00.01 ksoftirqd/1
   22 root      20   0       0      0      0 S   0,0  0,0   0:00.00 kworker/1:0
   23 root       0 -20       0      0      0 S   0,0  0,0   0:00.00 kworker/1:0H
   24 root      rt   0       0      0      0 S   0,0  0,0   0:00.02 watchdog/2
   25 root      rt   0       0      0      0 S   0,0  0,0   0:02.45 migration/2
   26 root      20   0       0      0      0 S   0,0  0,0   0:00.01 ksoftirqd/2
   27 root      20   0       0      0      0 S   0,0  0,0   0:00.00 kworker/2:0
   28 root       0 -20       0      0      0 S   0,0  0,0   0:00.00 kworker/2:0H
   29 root      rt   0       0      0      0 S   0,0  0,0   0:00.03 watchdog/3
   30 root      rt   0       0      0      0 S   0,0  0,0   0:02.60 migration/3
   31 root      20   0       0      0      0 S   0,0  0,0   0:00.00 ksoftirqd/3
   32 root      20   0       0      0      0 S   0,0  0,0   0:00.00 kworker/3:0
   33 root       0 -20       0      0      0 S   0,0  0,0   0:00.00 kworker/3:0H
   34 root       0 -20       0      0      0 S   0,0  0,0   0:00.00 khelper
   35 root      20   0       0      0      0 S   0,0  0,0   0:00.00 kdevtmpfs
   36 root       0 -20       0      0      0 S   0,0  0,0   0:00.00 netns
   37 root       0 -20       0      0      0 S   0,0  0,0   0:00.00 writeback
   38 root       0 -20       0      0      0 S   0,0  0,0   0:00.00 kintegrityd
   39 root       0 -20       0      0      0 S   0,0  0,0   0:00.00 bioset
   40 root       0 -20       0      0      0 S   0,0  0,0   0:00.11 kworker/u9:0
   41 root       0 -20       0      0      0 S   0,0  0,0   0:00.00 kblockd
   42 root       0 -20       0      0      0 S   0,0  0,0   0:00.00 ata_sff
   43 root      20   0       0      0      0 S   0,0  0,0   0:00.00 khubd
   44 root       0 -20       0      0      0 S   0,0  0,0   0:00.00 md
   45 root       0 -20       0      0      0 S   0,0  0,0   0:00.00 devfreq_wq
   46 root      20   0       0      0      0 S   0,0  0,0   0:00.00 kworker/0:1
   48 root      20   0       0      0      0 S   0,0  0,0   0:00.00 khungtaskd
   49 root      20   0       0      0      0 S   0,0  0,0   0:00.00 kswapd0
   50 root      25   5       0      0      0 S   0,0  0,0   0:00.00 ksmd
   51 root      39  19       0      0      0 S   0,0  0,0   0:00.45 khugepaged
   52 root      20   0       0      0      0 S   0,0  0,0   0:00.00 fsnotify_mark
   53 root      20   0       0      0      0 S   0,0  0,0   0:00.00 ecryptfs-kthrea
   54 root       0 -20       0      0      0 S   0,0  0,0   0:00.00 crypto
   66 root       0 -20       0      0      0 S   0,0  0,0   0:00.00 kthrotld
   67 root      20   0       0      0      0 S   0,0  0,0   0:00.27 kworker/u8:1
   68 root      20   0       0      0      0 S   0,0  0,0   0:00.53 kworker/1:1
   87 root       0 -20       0      0      0 S   0,0  0,0   0:00.00 deferwq
   88 root       0 -20       0      0      0 S   0,0  0,0   0:00.00 charger_manager
   99 root      20   0       0      0      0 S   0,0  0,0   0:00.12 kworker/2:1
  136 root       0 -20       0      0      0 S   0,0  0,0   0:00.00 kpsmoused
  162 root      20   0       0      0      0 S   0,0  0,0   0:00.00 scsi_eh_0
  163 root      20   0       0      0      0 S   0,0  0,0   0:00.00 scsi_eh_1
  164 root      20   0       0      0      0 S   0,0  0,0   0:00.00 scsi_eh_2
  165 root      20   0       0      0      0 S   0,0  0,0   0:00.00 scsi_eh_3
  166 root      20   0       0      0      0 S   0,0  0,0   0:00.00 scsi_eh_4
  167 root      20   0       0      0      0 S   0,0  0,0   0:00.00 scsi_eh_5
  174 root      20   0       0      0      0 S   0,0  0,0   0:00.24 kworker/0:3
  176 root      20   0       0      0      0 S   0,0  0,0   0:00.43 kworker/3:1
  249 root      20   0       0      0      0 S   0,0  0,0   0:00.48 jbd2/sdb1-8
  250 root       0 -20       0      0      0 S   0,0  0,0   0:00.00 ext4-rsv-conver
  378 root      20   0   19476    648    452 S   0,0  0,0   0:00.05 upstart-udev-br
  383 root      20   0   51768   1992   1036 S   0,0  0,0   0:00.09 systemd-udevd
  437 root     -51   0       0      0      0 S   0,0  0,0   0:00.00 irq/43-mei_me
  490 root       0 -20       0      0      0 S   0,0  0,0   0:00.00 hd-audio0
  513 root       0 -20       0      0      0 S   0,0  0,0   0:00.00 kvm-irqfd-clean
  522 root       0 -20       0      0      0 S   0,0  0,0   0:00.00 hd-audio1
  540 root       0 -20       0      0      0 S   0,0  0,0   0:00.00 kmpathd
  541 root       0 -20       0      0      0 S   0,0  0,0   0:00.00 kmpath_handlerd
  786 root      20   0   15524    884    440 S   0,0  0,0   0:00.01 upstart-socket-
  818 root      20   0  272704   7848   5984 S   0,0  0,1   0:00.14 smbd
  856 message+  20   0   40120   2376    996 S   0,0  0,0   0:00.12 dbus-daemon
  917 root      20   0  330236   4420   3264 S   0,0  0,1   0:00.00 ModemManager
  927 root      20   0   19292   1724   1444 S   0,0  0,0   0:00.00 bluetoothd
  956 root      20   0  272704   3484   1620 S   0,0  0,0   0:00.01 smbd
  971 root      20   0   43452   1912   1528 S   0,0  0,0   0:00.00 systemd-logind
  977 syslog    20   0  255844   1328    808 S   0,0  0,0   0:00.05 rsyslogd
  986 root      20   0  340684   6140   4672 S   0,0  0,1   0:00.13 NetworkManager
  995 root      20   0  284040   5228   3144 S   0,0  0,1   0:00.10 polkitd
  999 root      10 -10       0      0      0 S   0,0  0,0   0:00.00 krfcommd
 1004 root      20   0   74724   3824   2720 S   0,0  0,0   0:00.01 cupsd
 1026 avahi     20   0   32352   1764   1456 S   0,0  0,0   0:00.02 avahi-daemon
 1029 avahi     20   0   32224    468    216 S   0,0  0,0   0:00.00 avahi-daemon
 1042 root      20   0   73220   3308   2420 S   0,0  0,0   0:00.00 cups-browsed
 1056 root      20   0   15672    992    404 S   0,0  0,0   0:00.00 upstart-file-br
 1228 root      20   0   15824    964    804 S   0,0  0,0   0:00.00 getty
 1230 root      20   0   15824    956    804 S   0,0  0,0   0:00.00 getty
 1235 root      20   0   15824    956    804 S   0,0  0,0   0:00.00 getty
 1237 root      20   0   15824    964    804 S   0,0  0,0   0:00.00 getty
 1243 root      20   0 2102628   4124   2996 S   0,0  0,1   0:00.01 console-kit-dae
 1244 root      20   0   15824    952    804 S   0,0  0,0   0:00.00 getty
 1346 root      20   0   23656   1048    796 S   0,0  0,0   0:00.00 cron
 1364 root      20   0  132776   4132   3144 S   0,0  0,1   0:00.00 mdm
 1384 root      20   0  125444  16104   4556 S   0,0  0,2   0:05.99 teamviewerd
 1400 root      20   0   19188    740    512 S   0,0  0,0   0:00.34 irqbalance
 1474 root      20   0  190952   4440   2944 S   0,0  0,1   0:00.05 mdm
 1514 postgres  20   0  247724  16192  14812 S   0,0  0,2   0:00.08 postgres
 1516 postgres  20   0  247724   1880    452 S   0,0  0,0   0:00.00 postgres
 1517 postgres  20   0  247724   2680   1252 S   0,0  0,0   0:00.06 postgres
 1518 postgres  20   0  247724   1668    288 S   0,0  0,0   0:00.05 postgres
 1519 postgres  20   0  248584   3012   1004 S   0,0  0,0   0:00.04 postgres
 1520 postgres  20   0  103400   1780    348 S   0,0  0,0   0:00.09 postgres
 1523 root      20   0       0      0      0 S   0,0  0,0   0:00.00 firegl
 1524 root      20   0       0      0      0 S   0,0  0,0   0:00.00 firegl
 1525 root      20   0       0      0      0 S   0,0  0,0   0:00.00 firegl
 1527 root      20   0    4368    700    528 S   0,0  0,0   0:00.79 acpid
 1530 nobody    20   0   31032   1536   1288 S   0,0  0,0   0:00.18 dnsmasq
 1649 root      20   0  191448   2824   1516 S   0,0  0,0   0:00.08 nmbd
 1667 root      20   0       0      0      0 S   0,0  0,0   0:00.00 kauditd
 1675 prestin   20   0  550016  18008  11308 S   0,0  0,2   0:00.20 cinnamon-sessio
 1823 prestin   20   0   10616    316      0 S   0,0  0,0   0:00.01 ssh-agent
 1826 prestin   20   0   24440    592    336 S   0,0  0,0   0:00.00 dbus-launch
 1827 prestin   20   0   39892   1968    836 S   0,0  0,0   0:00.23 dbus-daemon
 1975 prestin   20   0  337508   5292   2696 S   0,0  0,1   0:00.00 at-spi-bus-laun
 1980 prestin   20   0   39244   1940   1488 S   0,0  0,0   0:00.05 dbus-daemon
 1983 prestin   20   0  124912   3320   2752 S   0,0  0,0   0:00.25 at-spi2-registr
 2004 prestin   20   0  907108  20860  14500 S   0,0  0,3   0:02.15 cinnamon-settin
 2006 prestin   20   0  368544   7384   3404 S   0,0  0,1   0:00.03 gnome-keyring-d
 2017 prestin    9 -11  509400   8200   5476 S   0,0  0,1   2:41.50 pulseaudio
 2019 rtkit     21   1  168916   1304   1088 S   0,0  0,0   0:00.07 rtkit-daemon
 2023 root      20   0  239412   4592   3572 S   0,0  0,1   0:00.03 upowerd
 2104 prestin   20   0  192576   3216   2556 S   0,0  0,0   0:00.06 gvfsd
 2117 prestin   20   0  419556   3400   2732 S   0,0  0,0   0:00.11 gvfsd-fuse
 2176 root      20   0   89560   2616   1936 S   0,0  0,0   0:00.00 sudo
 2179 root      20   0   12420   1196    992 S   0,0  0,0   0:00.00 bash
 2181 root      20   0   24960   1480   1056 R   0,0  0,0   0:00.00 top
 2295 root      20   0  263240   2772    204 S   0,0  0,0   0:00.00 vmware-vmblock-
 2307 root      20   0    6976    576    368 S   0,0  0,0   0:00.00 vmnet-bridge
 2322 prestin   20   0  294664   5280   3484 S   0,0  0,1   0:00.06 gvfs-udisks2-vo
 2325 root      20   0  371592   7668   3524 S   0,0  0,1   0:02.90 udisksd
 2336 prestin   20   0  208388   3492   2668 S   0,0  0,0   0:00.00 gvfs-gphoto2-vo
 2340 prestin   20   0  281768   3364   2704 S   0,0  0,0   0:00.00 gvfs-afc-volume
 2345 prestin   20   0  200748   3508   2796 S   0,0  0,0   0:00.00 gvfs-mtp-volume
 2348 prestin   20   0  239352  17936   9104 S   0,0  0,2   0:00.04 cinnamon-launch
 2350 colord    20   0  301516   7840   4360 S   0,0  0,1   0:00.05 colord
 2357 prestin   20   0 1826432 266292  95608 S   0,0  3,3   3:52.47 cinnamon
 2359 prestin   20   0  386960   5152   3884 S   0,0  0,1   0:00.00 csd-printer
 2364 root      20   0    6948    188      0 S   0,0  0,0   0:00.00 vmnet-netifup
 2373 root      20   0   19280   5636      0 S   0,0  0,1   0:00.01 vmnet-dhcpd
 2376 root      20   0   11768   1180   1016 S   0,0  0,0   0:00.01 vmnet-natd
 2378 root      20   0    6948    188      0 S   0,0  0,0   0:00.00 vmnet-netifup
 2386 root      20   0   19280   5832    192 S   0,0  0,1   0:00.01 vmnet-dhcpd
 2416 kernoops  20   0   37144   1012    696 S   0,0  0,0   0:00.06 kerneloops
 2418 root      20   0   30236    616    196 S   0,0  0,0   0:00.29 vmware-authdlau
 2438 root       0 -20       0      0      0 S   0,0  0,0   0:00.00 iprt
 2458 prestin   20   0  456100  19292  11780 S   0,0  0,2   0:00.39 polkit-gnome-au
 2467 prestin   20   0 1300492  88028  25752 S   0,0  1,1   1:06.31 nemo
 2468 prestin   20   0  692040  17664  12312 S   0,0  0,2   0:00.11 nm-applet
 2469 prestin   20   0  633996  30680  23516 S   0,0  0,4   0:00.35 synergy
 2471 prestin   20   0  794464  35684  27160 S   0,0  0,4   0:01.31 owncloud
 2472 prestin   20   0 2313208 124528  29432 S   0,0  1,5   0:48.10 dropbox
 2481 prestin   20   0  178304   2772   2176 S   0,0  0,0   0:00.13 dconf-service
 2506 prestin   20   0   53180   2888   2092 S   0,0  0,0   0:00.01 gconfd-2
 2533 root      20   0   30576   1744   1384 S   0,0  0,0   0:00.33 vmware-usbarbit
 2565 prestin   20   0  365356   6004   3488 S   0,0  0,1   0:00.93 gvfsd-trash
 2589 root      20   0   15824    968    804 S   0,0  0,0   0:00.00 getty
 2635 prestin   20   0  120712   3404   2304 S   0,0  0,0   0:00.12 gvfsd-metadata
 2642 root      20   0  287576   6432   3272 S   0,0  0,1   0:00.17 accounts-daemon
 2652 prestin   20   0 1196908 122344  67536 S   0,0  1,5   0:56.97 cairo-dock
 2662 prestin   20   0   70780   9848   3912 S   0,0  0,1   0:00.01 python
 2669 prestin   20   0  431224   3868   3052 S   0,0  0,0   0:00.01 gvfsd-computer
 2703 prestin   20   0  212468   5856   4296 S   0,0  0,1   1:32.56 synergys
 2738 root      20   0  202200   4020   3124 S   0,0  0,0   0:00.25 udisks-daemon
 2739 root      20   0   54332    844    444 S   0,0  0,0   0:00.00 udisks-daemon
 2741 prestin   20   0   24244   4876   2340 S   0,0  0,1   0:00.00 mintupdate-laun
 2744 prestin   20   0    4444    648    548 S   0,0  0,0   0:00.00 sh
 2745 prestin   20   0  558472  30924  15224 S   0,0  0,4   0:00.15 mintUpdate
 2770 prestin   20   0 1532192 218116  61884 S   0,0  2,7   2:07.16 chrome
 2777 prestin   20   0    7220    616    524 S   0,0  0,0   0:00.00 cat
 2778 prestin   20   0    7220    620    524 S   0,0  0,0   0:00.00 cat
 2780 prestin   20   0    6500    392    308 S   0,0  0,0   0:00.00 chrome-sandbox
 2781 prestin   20   0  360112  28456  20548 S   0,0  0,4   0:00.01 chrome
 2787 prestin   20   0    6500    392    308 S   0,0  0,0   0:00.00 chrome-sandbox
 2788 prestin   20   0   88708   3820   2688 S   0,0  0,0   0:00.00 nacl_helper
 2790 prestin   20   0  392896   8756    780 S   0,0  0,1   0:00.09 chrome
 2810 prestin   20   0  784596 284396 122864 S   0,0  3,5   1:00.20 chrome
 2828 prestin   20   0 1195908 140512  19060 S   0,0  1,7   0:06.99 chrome
 2842 prestin   20   0  747324  37072  15972 S   0,0  0,5   0:00.58 chrome
 2851 prestin   20   0  743228  32220  16048 S   0,0  0,4   0:00.13 chrome
 2871 prestin   20   0  753468  40712  15976 S   0,0  0,5   0:00.98 chrome
 2878 prestin   20   0  752148  39640  17728 S   0,0  0,5   0:06.99 chrome
 2893 prestin   20   0  751124  42508  18292 S   0,0  0,5   0:00.38 chrome
 2903 prestin   20   0  747324  42256  16436 S   0,0  0,5   0:11.19 chrome
 2921 prestin   20   0  812396 103220  17428 S   0,0  1,3   0:37.15 chrome
 2927 prestin   20   0  768532  89380  18388 S   0,0  1,1   0:55.11 chrome
 2935 prestin   20   0  754196  46936  18064 S   0,0  0,6   0:01.56 chrome
 2939 prestin   20   0  745276  32856  15524 S   0,0  0,4   0:00.12 chrome
 2946 prestin   20   0  746300  35376  16592 S   0,0  0,4   0:03.38 chrome
 2953 prestin   20   0  750236  42720  17968 S   0,0  0,5   0:00.98 chrome
 3137 prestin   20   0   23100   4412   1872 S   0,0  0,1   0:00.01 bash
 3143 prestin   20   0 1494224  89288  22416 S   0,0  1,1   0:16.41 variety
 3144 prestin   20   0  381236  10072   7132 S   0,0  0,1   0:00.08 cinnamon-screen
 3248 prestin   20   0  247288  16228   7108 S   0,0  0,2   0:00.09 applet.py
 3360 prestin   20   0  616608  25512  13104 S   0,0  0,3   0:24.63 gnome-terminal
 3364 prestin   20   0   14824    836    676 S   0,0  0,0   0:00.00 gnome-pty-helpe
 3365 prestin   20   0   23872   5084   1784 S   0,0  0,1   0:00.09 bash
 3423 prestin   20   0 1088144  46344  19220 S   0,0  0,6   1:20.25 Telegram
 4126 prestin   20   0 1018916 332084  42540 S   0,0  4,1   0:21.52 chrome
 5101 root      20   0       0      0      0 Z   0,0  0,0   0:00.41 nemo
 5111 root      20   0   24440    584    336 S   0,0  0,0   0:00.00 dbus-launch
 5112 root      20   0   39116   1160    808 S   0,0  0,0   0:00.03 dbus-daemon
 5122 root      20   0  178176   2616   2176 S   0,0  0,0   0:00.01 dconf-service
 5427 root      20   0       0      0      0 Z   0,0  0,0   0:01.79 nemo
 5521 root      20   0   53180   2844   2072 S   0,0  0,0   0:00.03 gconfd-2
 6008 root      20   0       0      0      0 Z   0,0  0,0   0:00.26 nemo
 6169 prestin   20   0  460324  11300   6992 S   0,0  0,1   0:00.05 gvfsd-recent
 6829 prestin   20   0   23108   4428   1880 S   0,0  0,1   0:00.03 bash
 8856 root      20   0       0      0      0 Z   0,0  0,0   0:00.46 nemo
10160 prestin   20   0  860844 107080  25196 S   0,0  1,3   0:01.70 chrome
11180 prestin   20   0  952776  58936  18744 S   0,0  0,7   0:24.98 sublime_text
11720 prestin   20   0  186716  11788   2588 S   0,0  0,1   0:00.27 plugin_host
12556 prestin   20   0  864944 114520  25908 S   0,0  1,4   0:03.63 chrome
15680 root      20   0       0      0      0 Z   0,0  0,0   0:01.63 nemo
17545 root      20   0   89832   2852   2024 S   0,0  0,0   0:00.00 sudo
17704 root       0 -20       0      0      0 S   0,0  0,0   0:00.03 kworker/u9:1
18711 root      20   0       0      0      0 Z   0,0  0,0   0:02.10 nemo
18817 prestin   20   0  722428  28864   9912 S   0,0  0,4   0:01.44 chrome
18930 root      20   0       0      0      0 Z   0,0  0,0   0:00.68 nemo
19073 root      20   0   89832   2852   2024 S   0,0  0,0   0:00.00 sudo
20150 root      20   0   89832   2852   2024 T   0,0  0,0   0:00.00 sudo
20277 prestin   20   0  846508 114612  28400 S   0,0  1,4   0:02.65 chrome
21753 root      20   0       0      0      0 Z   0,0  0,0   0:00.27 nemo
24306 root      20   0   12416   1192    992 T   0,0  0,0   0:00.00 bash
24308 root      20   0   24956   1708   1156 T   0,0  0,0   0:00.02 top
24886 root      20   0   12500   1564   1260 S   0,0  0,0   0:00.00 bash
26090 prestin   20   0  795316  68344  24204 S   0,0  0,8   0:02.21 chrome
27823 root      20   0   17516   1116    940 S   0,0  0,0   0:00.00 systemd-hostnam
32254 prestin   20   0  292480   4760   3852 S   0,0  0,1   0:00.00 gvfsd-http
Architecture:          x86_64
CPU op-mode(s):        32-bit, 64-bit
Byte Order:            Little Endian
CPU(s):                4
On-line CPU(s) list:   0-3
Thread(s) per core:    1
Core(s) per socket:    4
Socket(s):             1
NUMA node(s):          1
Vendor ID:             GenuineIntel
CPU family:            6
Model:                 60
Stepping:              3
CPU MHz:               3399.806
BogoMIPS:              6799.61
Virtualization:        VT-x
L1d cache:             32K
L1i cache:             32K
L2 cache:              256K
L3 cache:              6144K
NUMA node0 CPU(s):     0-3
top - 17:38:10 up  4:53,  4 users,  load average: 1,59, 1,55, 1,51
Tasks: 239 total,   2 running, 226 sleeping,   3 stopped,   8 zombie
%Cpu(s):  4,2 us,  3,3 sy,  0,0 ni, 92,4 id,  0,1 wa,  0,0 hi,  0,0 si,  0,0 st
KiB Mem:   8119840 total,  7435728 used,   684112 free,   315276 buffers
KiB Swap:  3962876 total,        0 used,  3962876 free.  3763408 cached Mem

  PID USER      PR  NI    VIRT    RES    SHR S  %CPU %MEM     TIME+ COMMAND
19074 root      20   0   13484   2572   1288 R  45,9  0,0  21:54.12 bash
    1 root      20   0   33780   3152   1496 S   0,0  0,0   0:00.68 init
    2 root      20   0       0      0      0 S   0,0  0,0   0:00.00 kthreadd
    3 root      20   0       0      0      0 S   0,0  0,0   0:00.01 ksoftirqd/0
    5 root       0 -20       0      0      0 S   0,0  0,0   0:00.00 kworker/0:0H
    6 root      20   0       0      0      0 S   0,0  0,0   0:00.36 kworker/u8:0
    7 root      20   0       0      0      0 S   0,0  0,0   0:06.60 rcu_sched
    8 root      20   0       0      0      0 S   0,0  0,0   0:07.96 rcuos/0
    9 root      20   0       0      0      0 S   0,0  0,0   0:08.16 rcuos/1
   10 root      20   0       0      0      0 S   0,0  0,0   0:08.67 rcuos/2
   11 root      20   0       0      0      0 S   0,0  0,0   0:07.93 rcuos/3
   12 root      20   0       0      0      0 S   0,0  0,0   0:00.00 rcu_bh
   13 root      20   0       0      0      0 S   0,0  0,0   0:00.00 rcuob/0
   14 root      20   0       0      0      0 S   0,0  0,0   0:00.00 rcuob/1
   15 root      20   0       0      0      0 S   0,0  0,0   0:00.00 rcuob/2
   16 root      20   0       0      0      0 S   0,0  0,0   0:00.00 rcuob/3
   17 root      rt   0       0      0      0 S   0,0  0,0   0:04.25 migration/0
   18 root      rt   0       0      0      0 S   0,0  0,0   0:00.03 watchdog/0
   19 root      rt   0       0      0      0 S   0,0  0,0   0:00.08 watchdog/1
   20 root      rt   0       0      0      0 S   0,0  0,0   0:04.14 migration/1
   21 root      20   0       0      0      0 S   0,0  0,0   0:00.01 ksoftirqd/1
   22 root      20   0       0      0      0 S   0,0  0,0   0:00.00 kworker/1:0
   23 root       0 -20       0      0      0 S   0,0  0,0   0:00.00 kworker/1:0H
   24 root      rt   0       0      0      0 S   0,0  0,0   0:00.02 watchdog/2
   25 root      rt   0       0      0      0 S   0,0  0,0   0:02.45 migration/2
   26 root      20   0       0      0      0 S   0,0  0,0   0:00.01 ksoftirqd/2
   27 root      20   0       0      0      0 S   0,0  0,0   0:00.00 kworker/2:0
   28 root       0 -20       0      0      0 S   0,0  0,0   0:00.00 kworker/2:0H
   29 root      rt   0       0      0      0 S   0,0  0,0   0:00.03 watchdog/3
   30 root      rt   0       0      0      0 S   0,0  0,0   0:02.60 migration/3
   31 root      20   0       0      0      0 S   0,0  0,0   0:00.00 ksoftirqd/3
   32 root      20   0       0      0      0 S   0,0  0,0   0:00.00 kworker/3:0
   33 root       0 -20       0      0      0 S   0,0  0,0   0:00.00 kworker/3:0H
   34 root       0 -20       0      0      0 S   0,0  0,0   0:00.00 khelper
   35 root      20   0       0      0      0 S   0,0  0,0   0:00.00 kdevtmpfs
   36 root       0 -20       0      0      0 S   0,0  0,0   0:00.00 netns
   37 root       0 -20       0      0      0 S   0,0  0,0   0:00.00 writeback
   38 root       0 -20       0      0      0 S   0,0  0,0   0:00.00 kintegrityd
   39 root       0 -20       0      0      0 S   0,0  0,0   0:00.00 bioset
   40 root       0 -20       0      0      0 S   0,0  0,0   0:00.11 kworker/u9:0
   41 root       0 -20       0      0      0 S   0,0  0,0   0:00.00 kblockd
   42 root       0 -20       0      0      0 S   0,0  0,0   0:00.00 ata_sff
   43 root      20   0       0      0      0 S   0,0  0,0   0:00.00 khubd
   44 root       0 -20       0      0      0 S   0,0  0,0   0:00.00 md
   45 root       0 -20       0      0      0 S   0,0  0,0   0:00.00 devfreq_wq
   46 root      20   0       0      0      0 S   0,0  0,0   0:00.00 kworker/0:1
   48 root      20   0       0      0      0 S   0,0  0,0   0:00.00 khungtaskd
   49 root      20   0       0      0      0 S   0,0  0,0   0:00.00 kswapd0
   50 root      25   5       0      0      0 S   0,0  0,0   0:00.00 ksmd
   51 root      39  19       0      0      0 S   0,0  0,0   0:00.45 khugepaged
   52 root      20   0       0      0      0 S   0,0  0,0   0:00.00 fsnotify_mark
   53 root      20   0       0      0      0 S   0,0  0,0   0:00.00 ecryptfs-kthrea
   54 root       0 -20       0      0      0 S   0,0  0,0   0:00.00 crypto
   66 root       0 -20       0      0      0 S   0,0  0,0   0:00.00 kthrotld
   67 root      20   0       0      0      0 S   0,0  0,0   0:00.27 kworker/u8:1
   68 root      20   0       0      0      0 S   0,0  0,0   0:00.53 kworker/1:1
   87 root       0 -20       0      0      0 S   0,0  0,0   0:00.00 deferwq
   88 root       0 -20       0      0      0 S   0,0  0,0   0:00.00 charger_manager
   99 root      20   0       0      0      0 S   0,0  0,0   0:00.12 kworker/2:1
  136 root       0 -20       0      0      0 S   0,0  0,0   0:00.00 kpsmoused
  162 root      20   0       0      0      0 S   0,0  0,0   0:00.00 scsi_eh_0
  163 root      20   0       0      0      0 S   0,0  0,0   0:00.00 scsi_eh_1
  164 root      20   0       0      0      0 S   0,0  0,0   0:00.00 scsi_eh_2
  165 root      20   0       0      0      0 S   0,0  0,0   0:00.00 scsi_eh_3
  166 root      20   0       0      0      0 S   0,0  0,0   0:00.00 scsi_eh_4
  167 root      20   0       0      0      0 S   0,0  0,0   0:00.00 scsi_eh_5
  174 root      20   0       0      0      0 S   0,0  0,0   0:00.24 kworker/0:3
  176 root      20   0       0      0      0 S   0,0  0,0   0:00.43 kworker/3:1
  249 root      20   0       0      0      0 S   0,0  0,0   0:00.48 jbd2/sdb1-8
  250 root       0 -20       0      0      0 S   0,0  0,0   0:00.00 ext4-rsv-conver
  378 root      20   0   19476    648    452 S   0,0  0,0   0:00.05 upstart-udev-br
  383 root      20   0   51768   1992   1036 S   0,0  0,0   0:00.09 systemd-udevd
  437 root     -51   0       0      0      0 S   0,0  0,0   0:00.00 irq/43-mei_me
  490 root       0 -20       0      0      0 S   0,0  0,0   0:00.00 hd-audio0
  513 root       0 -20       0      0      0 S   0,0  0,0   0:00.00 kvm-irqfd-clean
  522 root       0 -20       0      0      0 S   0,0  0,0   0:00.00 hd-audio1
  540 root       0 -20       0      0      0 S   0,0  0,0   0:00.00 kmpathd
  541 root       0 -20       0      0      0 S   0,0  0,0   0:00.00 kmpath_handlerd
  786 root      20   0   15524    884    440 S   0,0  0,0   0:00.01 upstart-socket-
  818 root      20   0  272704   7848   5984 S   0,0  0,1   0:00.14 smbd
  856 message+  20   0   40120   2376    996 S   0,0  0,0   0:00.12 dbus-daemon
  917 root      20   0  330236   4420   3264 S   0,0  0,1   0:00.00 ModemManager
  927 root      20   0   19292   1724   1444 S   0,0  0,0   0:00.00 bluetoothd
  956 root      20   0  272704   3484   1620 S   0,0  0,0   0:00.01 smbd
  971 root      20   0   43452   1912   1528 S   0,0  0,0   0:00.00 systemd-logind
  977 syslog    20   0  255844   1328    808 S   0,0  0,0   0:00.05 rsyslogd
  986 root      20   0  340684   6140   4672 S   0,0  0,1   0:00.13 NetworkManager
  995 root      20   0  284040   5228   3144 S   0,0  0,1   0:00.10 polkitd
  999 root      10 -10       0      0      0 S   0,0  0,0   0:00.00 krfcommd
 1004 root      20   0   74724   3824   2720 S   0,0  0,0   0:00.01 cupsd
 1026 avahi     20   0   32352   1764   1456 S   0,0  0,0   0:00.02 avahi-daemon
 1029 avahi     20   0   32224    468    216 S   0,0  0,0   0:00.00 avahi-daemon
 1042 root      20   0   73220   3308   2420 S   0,0  0,0   0:00.00 cups-browsed
 1056 root      20   0   15672    992    404 S   0,0  0,0   0:00.00 upstart-file-br
 1228 root      20   0   15824    964    804 S   0,0  0,0   0:00.00 getty
 1230 root      20   0   15824    956    804 S   0,0  0,0   0:00.00 getty
 1235 root      20   0   15824    956    804 S   0,0  0,0   0:00.00 getty
 1237 root      20   0   15824    964    804 S   0,0  0,0   0:00.00 getty
 1243 root      20   0 2102628   4124   2996 S   0,0  0,1   0:00.01 console-kit-dae
 1244 root      20   0   15824    952    804 S   0,0  0,0   0:00.00 getty
 1346 root      20   0   23656   1048    796 S   0,0  0,0   0:00.00 cron
 1364 root      20   0  132776   4132   3144 S   0,0  0,1   0:00.00 mdm
 1384 root      20   0  125444  16104   4556 S   0,0  0,2   0:05.99 teamviewerd
 1400 root      20   0   19188    740    512 S   0,0  0,0   0:00.34 irqbalance
 1474 root      20   0  190952   4440   2944 S   0,0  0,1   0:00.05 mdm
 1508 root      20   0  660752 257816 195456 S   0,0  3,2  12:04.30 Xorg
 1514 postgres  20   0  247724  16192  14812 S   0,0  0,2   0:00.08 postgres
 1516 postgres  20   0  247724   1880    452 S   0,0  0,0   0:00.00 postgres
 1517 postgres  20   0  247724   2680   1252 S   0,0  0,0   0:00.06 postgres
 1518 postgres  20   0  247724   1668    288 S   0,0  0,0   0:00.05 postgres
 1519 postgres  20   0  248584   3012   1004 S   0,0  0,0   0:00.04 postgres
 1520 postgres  20   0  103400   1780    348 S   0,0  0,0   0:00.09 postgres
 1523 root      20   0       0      0      0 S   0,0  0,0   0:00.00 firegl
 1524 root      20   0       0      0      0 S   0,0  0,0   0:00.00 firegl
 1525 root      20   0       0      0      0 S   0,0  0,0   0:00.00 firegl
 1527 root      20   0    4368    700    528 S   0,0  0,0   0:00.79 acpid
 1530 nobody    20   0   31032   1536   1288 S   0,0  0,0   0:00.18 dnsmasq
 1649 root      20   0  191448   2824   1516 S   0,0  0,0   0:00.08 nmbd
 1667 root      20   0       0      0      0 S   0,0  0,0   0:00.00 kauditd
 1675 prestin   20   0  550016  18008  11308 S   0,0  0,2   0:00.20 cinnamon-sessio
 1823 prestin   20   0   10616    316      0 S   0,0  0,0   0:00.01 ssh-agent
 1826 prestin   20   0   24440    592    336 S   0,0  0,0   0:00.00 dbus-launch
 1827 prestin   20   0   39892   1968    836 S   0,0  0,0   0:00.23 dbus-daemon
 1975 prestin   20   0  337508   5292   2696 S   0,0  0,1   0:00.00 at-spi-bus-laun
 1980 prestin   20   0   39244   1940   1488 S   0,0  0,0   0:00.05 dbus-daemon
 1983 prestin   20   0  124912   3320   2752 S   0,0  0,0   0:00.25 at-spi2-registr
 2004 prestin   20   0  907108  20860  14500 S   0,0  0,3   0:02.15 cinnamon-settin
 2006 prestin   20   0  368544   7384   3404 S   0,0  0,1   0:00.03 gnome-keyring-d
 2017 prestin    9 -11  509400   8200   5476 S   0,0  0,1   2:41.50 pulseaudio
 2019 rtkit     21   1  168916   1304   1088 S   0,0  0,0   0:00.07 rtkit-daemon
 2023 root      20   0  239412   4592   3572 S   0,0  0,1   0:00.03 upowerd
 2104 prestin   20   0  192576   3216   2556 S   0,0  0,0   0:00.06 gvfsd
 2117 prestin   20   0  419556   3400   2732 S   0,0  0,0   0:00.11 gvfsd-fuse
 2176 root      20   0   89560   2616   1936 S   0,0  0,0   0:00.00 sudo
 2179 root      20   0   12420   1368   1144 S   0,0  0,0   0:00.00 bash
 2295 root      20   0  263240   2772    204 S   0,0  0,0   0:00.00 vmware-vmblock-
 2307 root      20   0    6976    576    368 S   0,0  0,0   0:00.00 vmnet-bridge
 2322 prestin   20   0  294664   5280   3484 S   0,0  0,1   0:00.06 gvfs-udisks2-vo
 2325 root      20   0  371592   7668   3524 S   0,0  0,1   0:02.90 udisksd
 2336 prestin   20   0  208388   3492   2668 S   0,0  0,0   0:00.00 gvfs-gphoto2-vo
 2340 prestin   20   0  281768   3364   2704 S   0,0  0,0   0:00.00 gvfs-afc-volume
 2345 prestin   20   0  200748   3508   2796 S   0,0  0,0   0:00.00 gvfs-mtp-volume
 2348 prestin   20   0  239352  17936   9104 S   0,0  0,2   0:00.04 cinnamon-launch
 2350 colord    20   0  301516   7840   4360 S   0,0  0,1   0:00.05 colord
 2357 prestin   20   0 1826432 266292  95608 S   0,0  3,3   3:52.47 cinnamon
 2359 prestin   20   0  386960   5152   3884 S   0,0  0,1   0:00.00 csd-printer
 2364 root      20   0    6948    188      0 S   0,0  0,0   0:00.00 vmnet-netifup
 2373 root      20   0   19280   5636      0 S   0,0  0,1   0:00.01 vmnet-dhcpd
 2376 root      20   0   11768   1180   1016 S   0,0  0,0   0:00.01 vmnet-natd
 2378 root      20   0    6948    188      0 S   0,0  0,0   0:00.00 vmnet-netifup
 2386 root      20   0   19280   5832    192 S   0,0  0,1   0:00.01 vmnet-dhcpd
 2416 kernoops  20   0   37144   1012    696 S   0,0  0,0   0:00.06 kerneloops
 2418 root      20   0   30236    616    196 S   0,0  0,0   0:00.29 vmware-authdlau
 2438 root       0 -20       0      0      0 S   0,0  0,0   0:00.00 iprt
 2458 prestin   20   0  456100  19292  11780 S   0,0  0,2   0:00.39 polkit-gnome-au
 2467 prestin   20   0 1300492  88028  25752 S   0,0  1,1   1:06.31 nemo
 2468 prestin   20   0  692040  17664  12312 S   0,0  0,2   0:00.11 nm-applet
 2469 prestin   20   0  633996  30680  23516 S   0,0  0,4   0:00.35 synergy
 2471 prestin   20   0  794464  35684  27160 S   0,0  0,4   0:01.31 owncloud
 2472 prestin   20   0 2313208 124528  29432 S   0,0  1,5   0:48.10 dropbox
 2481 prestin   20   0  178304   2772   2176 S   0,0  0,0   0:00.13 dconf-service
 2506 prestin   20   0   53180   2888   2092 S   0,0  0,0   0:00.01 gconfd-2
 2516 root      20   0   24960   1476   1056 R   0,0  0,0   0:00.00 top
 2533 root      20   0   30576   1744   1384 S   0,0  0,0   0:00.33 vmware-usbarbit
 2565 prestin   20   0  365356   6004   3488 S   0,0  0,1   0:00.93 gvfsd-trash
 2589 root      20   0   15824    968    804 S   0,0  0,0   0:00.00 getty
 2635 prestin   20   0  120712   3404   2304 S   0,0  0,0   0:00.12 gvfsd-metadata
 2642 root      20   0  287576   6432   3272 S   0,0  0,1   0:00.17 accounts-daemon
 2652 prestin   20   0 1196908 122344  67536 S   0,0  1,5   0:56.97 cairo-dock
 2662 prestin   20   0   70780   9848   3912 S   0,0  0,1   0:00.01 python
 2669 prestin   20   0  431224   3868   3052 S   0,0  0,0   0:00.01 gvfsd-computer
 2703 prestin   20   0  212468   5856   4296 S   0,0  0,1   1:32.56 synergys
 2738 root      20   0  202200   4020   3124 S   0,0  0,0   0:00.25 udisks-daemon
 2739 root      20   0   54332    844    444 S   0,0  0,0   0:00.00 udisks-daemon
 2741 prestin   20   0   24244   4876   2340 S   0,0  0,1   0:00.00 mintupdate-laun
 2744 prestin   20   0    4444    648    548 S   0,0  0,0   0:00.00 sh
 2745 prestin   20   0  558472  30924  15224 S   0,0  0,4   0:00.15 mintUpdate
 2770 prestin   20   0 1532192 218116  61884 S   0,0  2,7   2:07.16 chrome
 2777 prestin   20   0    7220    616    524 S   0,0  0,0   0:00.00 cat
 2778 prestin   20   0    7220    620    524 S   0,0  0,0   0:00.00 cat
 2780 prestin   20   0    6500    392    308 S   0,0  0,0   0:00.00 chrome-sandbox
 2781 prestin   20   0  360112  28456  20548 S   0,0  0,4   0:00.01 chrome
 2787 prestin   20   0    6500    392    308 S   0,0  0,0   0:00.00 chrome-sandbox
 2788 prestin   20   0   88708   3820   2688 S   0,0  0,0   0:00.00 nacl_helper
 2790 prestin   20   0  392896   8756    780 S   0,0  0,1   0:00.09 chrome
 2810 prestin   20   0  784596 284396 122864 S   0,0  3,5   1:00.20 chrome
 2828 prestin   20   0 1195908 140512  19060 S   0,0  1,7   0:06.99 chrome
 2842 prestin   20   0  747324  37072  15972 S   0,0  0,5   0:00.58 chrome
 2851 prestin   20   0  743228  32220  16048 S   0,0  0,4   0:00.13 chrome
 2871 prestin   20   0  753468  40712  15976 S   0,0  0,5   0:00.98 chrome
 2878 prestin   20   0  752148  39640  17728 S   0,0  0,5   0:06.99 chrome
 2893 prestin   20   0  751124  42508  18292 S   0,0  0,5   0:00.38 chrome
 2903 prestin   20   0  747324  42256  16436 S   0,0  0,5   0:11.19 chrome
 2921 prestin   20   0  812396 103220  17428 S   0,0  1,3   0:37.15 chrome
 2927 prestin   20   0  768532  89380  18388 S   0,0  1,1   0:55.11 chrome
 2935 prestin   20   0  754196  46936  18064 S   0,0  0,6   0:01.56 chrome
 2939 prestin   20   0  745276  32856  15524 S   0,0  0,4   0:00.12 chrome
 2946 prestin   20   0  746300  35376  16592 S   0,0  0,4   0:03.38 chrome
 2953 prestin   20   0  750236  42720  17968 S   0,0  0,5   0:00.98 chrome
 3137 prestin   20   0   23100   4412   1872 S   0,0  0,1   0:00.01 bash
 3143 prestin   20   0 1494224  89288  22416 S   0,0  1,1   0:16.41 variety
 3144 prestin   20   0  381236  10072   7132 S   0,0  0,1   0:00.08 cinnamon-screen
 3248 prestin   20   0  247288  16228   7108 S   0,0  0,2   0:00.09 applet.py
 3360 prestin   20   0  616608  25512  13104 S   0,0  0,3   0:24.63 gnome-terminal
 3364 prestin   20   0   14824    836    676 S   0,0  0,0   0:00.00 gnome-pty-helpe
 3365 prestin   20   0   23872   5084   1784 S   0,0  0,1   0:00.09 bash
 3423 prestin   20   0 1088144  46344  19220 S   0,0  0,6   1:20.25 Telegram
 4126 prestin   20   0 1018916 332084  42540 S   0,0  4,1   0:21.52 chrome
 5101 root      20   0       0      0      0 Z   0,0  0,0   0:00.41 nemo
 5111 root      20   0   24440    584    336 S   0,0  0,0   0:00.00 dbus-launch
 5112 root      20   0   39116   1160    808 S   0,0  0,0   0:00.03 dbus-daemon
 5122 root      20   0  178176   2616   2176 S   0,0  0,0   0:00.01 dconf-service
 5427 root      20   0       0      0      0 Z   0,0  0,0   0:01.79 nemo
 5521 root      20   0   53180   2844   2072 S   0,0  0,0   0:00.03 gconfd-2
 6008 root      20   0       0      0      0 Z   0,0  0,0   0:00.26 nemo
 6169 prestin   20   0  460324  11300   6992 S   0,0  0,1   0:00.05 gvfsd-recent
 6829 prestin   20   0   23108   4428   1880 S   0,0  0,1   0:00.03 bash
 8856 root      20   0       0      0      0 Z   0,0  0,0   0:00.46 nemo
10160 prestin   20   0  860844 107080  25196 S   0,0  1,3   0:01.70 chrome
11180 prestin   20   0  952776  58936  18744 S   0,0  0,7   0:24.98 sublime_text
11720 prestin   20   0  186716  11788   2588 S   0,0  0,1   0:00.27 plugin_host
12556 prestin   20   0  864944 114520  25908 S   0,0  1,4   0:03.63 chrome
15680 root      20   0       0      0      0 Z   0,0  0,0   0:01.63 nemo
17025 prestin   20   0  914508 180828  26196 S   0,0  2,2   0:03.81 chrome
17545 root      20   0   89832   2852   2024 S   0,0  0,0   0:00.00 sudo
17704 root       0 -20       0      0      0 S   0,0  0,0   0:00.03 kworker/u9:1
18711 root      20   0       0      0      0 Z   0,0  0,0   0:02.10 nemo
18817 prestin   20   0  722428  28864   9912 S   0,0  0,4   0:01.44 chrome
18930 root      20   0       0      0      0 Z   0,0  0,0   0:00.68 nemo
19073 root      20   0   89832   2852   2024 S   0,0  0,0   0:00.00 sudo
20150 root      20   0   89832   2852   2024 T   0,0  0,0   0:00.00 sudo
20277 prestin   20   0  846508 114612  28400 S   0,0  1,4   0:02.65 chrome
21753 root      20   0       0      0      0 Z   0,0  0,0   0:00.27 nemo
24306 root      20   0   12416   1192    992 T   0,0  0,0   0:00.00 bash
24308 root      20   0   24956   1708   1156 T   0,0  0,0   0:00.02 top
24886 root      20   0   12500   1564   1260 S   0,0  0,0   0:00.00 bash
26090 prestin   20   0  795316  68344  24204 S   0,0  0,8   0:02.21 chrome
27823 root      20   0   17516   1116    940 S   0,0  0,0   0:00.00 systemd-hostnam
32254 prestin   20   0  292480   4760   3852 S   0,0  0,1   0:00.00 gvfsd-http
Architecture:          x86_64
CPU op-mode(s):        32-bit, 64-bit
Byte Order:            Little Endian
CPU(s):                4
On-line CPU(s) list:   0-3
Thread(s) per core:    1
Core(s) per socket:    4
Socket(s):             1
NUMA node(s):          1
Vendor ID:             GenuineIntel
CPU family:            6
Model:                 60
Stepping:              3
CPU MHz:               3399.806
BogoMIPS:              6799.61
Virtualization:        VT-x
L1d cache:             32K
L1i cache:             32K
L2 cache:              256K
L3 cache:              6144K
NUMA node0 CPU(s):     0-3
Architecture:          x86_64
CPU op-mode(s):        32-bit, 64-bit
Byte Order:            Little Endian
CPU(s):                4
On-line CPU(s) list:   0-3
Thread(s) per core:    1
Core(s) per socket:    4
Socket(s):             1
NUMA node(s):          1
Vendor ID:             GenuineIntel
CPU family:            6
Model:                 60
Stepping:              3
CPU MHz:               3399.806
BogoMIPS:              6799.61
Virtualization:        VT-x
L1d cache:             32K
L1i cache:             32K
L2 cache:              256K
L3 cache:              6144K
NUMA node0 CPU(s):     0-3
Architecture:          x86_64
CPU op-mode(s):        32-bit, 64-bit
Byte Order:            Little Endian
CPU(s):                4
On-line CPU(s) list:   0-3
Thread(s) per core:    1
Core(s) per socket:    4
Socket(s):             1
NUMA node(s):          1
Vendor ID:             GenuineIntel
CPU family:            6
Model:                 60
Stepping:              3
CPU MHz:               3399.806
BogoMIPS:              6799.61
Virtualization:        VT-x
L1d cache:             32K
L1i cache:             32K
L2 cache:              256K
L3 cache:              6144K
NUMA node0 CPU(s):     0-3
